<?xml version="1.0" encoding="UTF-8"?>
<testsuite name="org.example.HelloWorldTest" tests="1" skipped="0" failures="0" errors="0" timestamp="2020-04-14T21:06:45" hostname="jameslaptop" time="0.022">
  <properties/>
  <testcase name="HelloWorldTest()" classname="org.example.HelloWorldTest" time="0.022"/>
  <system-out><![CDATA[]]></system-out>
  <system-err><![CDATA[]]></system-err>
</testsuite>
