<?xml version="1.0" encoding="UTF-8"?>
<testsuite name="org.example.math.StatisticsTest" tests="1" skipped="0" failures="0" errors="0" timestamp="2020-04-14T20:38:30" hostname="jameslaptop" time="0.917">
  <properties/>
  <testcase name="average returns 6 when 2,3,3,5,7,10 are provided()" classname="org.example.math.StatisticsTest" time="0.917"/>
  <system-out><![CDATA[]]></system-out>
  <system-err><![CDATA[]]></system-err>
</testsuite>
