<?xml version="1.0" encoding="UTF-8"?>
<testsuite name="org.example.math.CalculatorTest" tests="1" skipped="0" failures="0" errors="0" timestamp="2020-04-14T21:06:47" hostname="jameslaptop" time="0.009">
  <properties/>
  <testcase name="Dividing 72 by 6 gives 12()" classname="org.example.math.CalculatorTest" time="0.009"/>
  <system-out><![CDATA[]]></system-out>
  <system-err><![CDATA[]]></system-err>
</testsuite>
